[2024-10-10 06:13:26] Usuarios eliminados: IDs 10
[2024-10-10 06:13:34] Usuario actualizado: ID 11, Nombre: Fernanda Ruiz, Rol: Alumno
[2024-10-10 06:15:23] Usuarios eliminados: IDs 3
[2024-10-10 06:17:14] Usuarios eliminados: IDs 4
[2024-10-10 06:17:21] Usuarios eliminados: IDs 6
[2024-10-10 06:18:40] Usuario actualizado: ID 1, Nombre: Chopi, Rol: Profesor
[2024-10-10 06:19:11] Usuarios eliminados: IDs 7
[2024-10-10 06:19:17] Usuarios eliminados: IDs 7
[2024-10-10 06:19:23] Usuarios eliminados: IDs 8
[2024-10-10 06:19:29] Usuarios eliminados: IDs 9
[2024-10-10 06:19:35] Usuarios eliminados: IDs 5
[2024-10-10 06:20:26] Usuarios eliminados: IDs 5
[2024-10-10 06:20:30] Usuarios eliminados: IDs 11
[2024-10-10 06:20:37] Usuarios eliminados: IDs 11
[2024-10-10 06:20:47] Usuario actualizado: ID 13, Nombre: jajajjajaja, Rol: Alumno
[2024-10-10 06:20:53] Usuario actualizado: ID 13, Nombre: Hugo Jiménez, Rol: Alumno
[2024-10-10 06:20:57] Usuarios eliminados: IDs 13
[2024-10-10 06:22:08] Usuarios eliminados: IDs 13
[2024-10-10 06:22:11] Usuarios eliminados: IDs 12
[2024-10-10 06:22:12] Usuarios eliminados: IDs 12
[2024-10-10 06:22:14] Usuarios eliminados: IDs 14
[2024-10-10 06:22:16] Usuarios eliminados: IDs 14
[2024-10-10 06:22:25] Usuario actualizado: ID 15, Nombre: dasdfsdg, Rol: Alumno
[2024-10-10 06:23:48] Usuario actualizado: ID 15, Nombre: xsxxxx, Rol: Alumno
[2024-10-10 06:23:52] Usuarios eliminados: IDs 15
[2024-10-10 06:23:55] Usuarios eliminados: IDs 15
[2024-10-10 06:23:56] Usuarios eliminados: IDs 16
[2024-10-10 06:24:00] Usuarios eliminados: IDs 16
